<?xml version="1.0" encoding="UTF-8"?>
<testsuites name="2" time="8.894" tests="1" failures="0" errors="0">
   <testsuite name="2" tests="1" failures="0" errors="0" time="8.894" skipped="0" timestamp="03-12-2024T14:02:21" hostname="Admin - Pushpa-PC" id="Test Suites/2">
      <properties>
         <property name="deviceName" value=""/>
         <property name="devicePlatform"/>
         <property name="logFolder" value="C:\\Users\\Admin\\git\\Firstgitproject\\Reports\\20241203_140213\\2\\20241203_140213"/>
         <property name="logFiles" value="C:\\Users\\Admin\\git\\Firstgitproject\\Reports\\20241203_140213\\2\\20241203_140213\\execution0.log"/>
         <property name="attachments" value=""/>
         <property name="hostName" value="Admin - Pushpa-PC"/>
         <property name="os" value="Windows 10 64bit"/>
         <property name="katalonVersion" value="10.0.0.223"/>
         <property name="browser" value="Chrome 131.0.0.0"/>
         <property name="hostAddress" value="192.168.0.106"/>
         <property name="sessionId" value="08b837dee2a8d9377ca7bfe073e03cc5"/>
         <property name="seleniumVersion" value="4.22.0"/>
         <property name="proxyInformation" value="ProxyInformation { proxyOption=NO_PROXY, proxyServerType=HTTP, username=, password=********, proxyServerAddress=, proxyServerPort=0, executionList=&quot;&quot;, isApplyToDesiredCapabilities=true }"/>
         <property name="platform" value="Windows 10"/>
      </properties>
      <testcase name="Test Cases/a1/a22" time="8.433" classname="Test Cases/a1/a22" status="PASSED">
         <system-out><![CDATA[03-12-2024T14:02:22 - [TEST_CASE][PASSED] - Test Cases/a1/a22: Test Cases/a1/a22

03-12-2024T14:02:22 - [TEST_STEP][PASSED] - openBrowser("google.com"): Browser is opened with url: 'google.com'

03-12-2024T14:02:23 - [MESSAGE][INFO] - Starting 'Chrome' driver

03-12-2024T14:02:23 - [MESSAGE][INFO] - Action delay is set to 0 milliseconds

03-12-2024T14:02:30 - [MESSAGE][PASSED] - Browser is opened with url: 'google.com'

03-12-2024T14:02:30 - [TEST_STEP][PASSED] - closeBrowser(): Browser is closed

03-12-2024T14:02:30 - [MESSAGE][PASSED] - Browser is closed]]></system-out>
         <system-err><![CDATA[]]></system-err>
      </testcase>
      <system-out><![CDATA[03-12-2024T14:02:21 - [TEST_SUITE][PASSED] - 2: Test Cases/a1/a22]]></system-out>
      <system-err><![CDATA[]]></system-err>
   </testsuite>
</testsuites>
