<?xml version="1.0" encoding="UTF-8"?>
<testsuites name="4" time="98.552" tests="3" failures="0" errors="0">
   <testsuite name="4" tests="3" failures="0" errors="0" time="98.552" skipped="0" timestamp="03-12-2024T14:29:30" hostname="Admin - Pushpa-PC" id="Test Suites/4">
      <properties>
         <property name="deviceName" value=""/>
         <property name="devicePlatform"/>
         <property name="logFolder" value="C:\\Users\\Admin\\git\\Firstgitproject\\Reports\\20241203_142920\\4\\20241203_142920"/>
         <property name="logFiles" value="C:\\Users\\Admin\\git\\Firstgitproject\\Reports\\20241203_142920\\4\\20241203_142920\\execution0.log"/>
         <property name="attachments" value=""/>
         <property name="hostName" value="Admin - Pushpa-PC"/>
         <property name="os" value="Windows 10 64bit"/>
         <property name="katalonVersion" value="10.0.0.223"/>
         <property name="browser" value="Chrome 131.0.0.0"/>
         <property name="hostAddress" value="192.168.0.106"/>
         <property name="sessionId" value="0d9733e18674db03572d2f2890b719c0"/>
         <property name="seleniumVersion" value="4.22.0"/>
         <property name="proxyInformation" value="ProxyInformation { proxyOption=NO_PROXY, proxyServerType=HTTP, username=, password=********, proxyServerAddress=, proxyServerPort=0, executionList=&quot;&quot;, isApplyToDesiredCapabilities=true }"/>
         <property name="platform" value="Windows 10"/>
      </properties>
      <testcase name="Test Cases/a1/a42" time="7.636" classname="Test Cases/a1/a42" status="PASSED">
         <system-out><![CDATA[03-12-2024T14:29:30 - [TEST_CASE][PASSED] - Test Cases/a1/a42: Test Cases/a1/a42

03-12-2024T14:29:31 - [TEST_STEP][PASSED] - openBrowser(""): Browser is opened with url: ''

03-12-2024T14:29:32 - [MESSAGE][INFO] - Starting 'Chrome' driver

03-12-2024T14:29:32 - [MESSAGE][INFO] - Action delay is set to 0 milliseconds

03-12-2024T14:29:37 - [MESSAGE][PASSED] - Browser is opened with url: ''

03-12-2024T14:29:37 - [TEST_STEP][PASSED] - closeBrowser(): Browser is closed

03-12-2024T14:29:38 - [MESSAGE][PASSED] - Browser is closed]]></system-out>
         <system-err><![CDATA[]]></system-err>
      </testcase>
      <testcase name="Test Cases/a1/a12" time="85.959" classname="Test Cases/a1/a12" status="PASSED">
         <system-out><![CDATA[03-12-2024T14:29:38 - [TEST_CASE][PASSED] - Test Cases/a1/a12: Test Cases/a1/a12

03-12-2024T14:29:38 - [TEST_STEP][PASSED] - openBrowser("yahoo.com"): Browser is opened with url: 'yahoo.com'

03-12-2024T14:29:38 - [MESSAGE][INFO] - Starting 'Chrome' driver

03-12-2024T14:29:38 - [MESSAGE][INFO] - Action delay is set to 0 milliseconds

03-12-2024T14:31:03 - [MESSAGE][PASSED] - Browser is opened with url: 'yahoo.com'

03-12-2024T14:31:03 - [TEST_STEP][PASSED] - closeBrowser(): Browser is closed

03-12-2024T14:31:04 - [MESSAGE][PASSED] - Browser is closed]]></system-out>
         <system-err><![CDATA[]]></system-err>
      </testcase>
      <testcase name="Test Cases/a1/a22" time="4.346" classname="Test Cases/a1/a22" status="PASSED">
         <system-out><![CDATA[03-12-2024T14:31:04 - [TEST_CASE][PASSED] - Test Cases/a1/a22: Test Cases/a1/a22

03-12-2024T14:31:04 - [TEST_STEP][PASSED] - openBrowser("google.com"): Browser is opened with url: 'google.com'

03-12-2024T14:31:04 - [MESSAGE][INFO] - Starting 'Chrome' driver

03-12-2024T14:31:04 - [MESSAGE][INFO] - Action delay is set to 0 milliseconds

03-12-2024T14:31:08 - [MESSAGE][PASSED] - Browser is opened with url: 'google.com'

03-12-2024T14:31:08 - [TEST_STEP][PASSED] - closeBrowser(): Browser is closed

03-12-2024T14:31:08 - [MESSAGE][PASSED] - Browser is closed]]></system-out>
         <system-err><![CDATA[]]></system-err>
      </testcase>
      <system-out><![CDATA[03-12-2024T14:29:30 - [TEST_SUITE][PASSED] - 4: Test Cases/a1/a22]]></system-out>
      <system-err><![CDATA[]]></system-err>
   </testsuite>
</testsuites>
