<?xml version="1.0" encoding="UTF-8"?>
<testsuites name="new" time="77.165" tests="11" failures="0" errors="0">
   <testsuite name="new" tests="11" failures="0" errors="0" time="77.165" skipped="0" timestamp="03-12-2024T14:56:07" hostname="Admin - Pushpa-PC" id="Test Suites/new">
      <properties>
         <property name="deviceName" value=""/>
         <property name="devicePlatform"/>
         <property name="logFolder" value="C:\\Users\\Admin\\git\\Firstgitproject\\Reports\\20241203_145557\\new\\20241203_145557"/>
         <property name="logFiles" value="C:\\Users\\Admin\\git\\Firstgitproject\\Reports\\20241203_145557\\new\\20241203_145557\\execution0.log"/>
         <property name="attachments" value=""/>
         <property name="hostName" value="Admin - Pushpa-PC"/>
         <property name="os" value="Windows 10 64bit"/>
         <property name="katalonVersion" value="10.0.0.223"/>
         <property name="browser" value="Chrome 131.0.0.0"/>
         <property name="hostAddress" value="192.168.0.106"/>
         <property name="sessionId" value="06a8e4603eaaf22af835b21b266e7b79"/>
         <property name="seleniumVersion" value="4.22.0"/>
         <property name="proxyInformation" value="ProxyInformation { proxyOption=NO_PROXY, proxyServerType=HTTP, username=, password=********, proxyServerAddress=, proxyServerPort=0, executionList=&quot;&quot;, isApplyToDesiredCapabilities=true }"/>
         <property name="platform" value="Windows 10"/>
      </properties>
      <testcase name="Test Cases/a1/a10" time="7.164" classname="Test Cases/a1/a10" status="PASSED">
         <system-out><![CDATA[03-12-2024T14:56:08 - [TEST_CASE][PASSED] - Test Cases/a1/a10: Test Cases/a1/a10

03-12-2024T14:56:09 - [TEST_STEP][PASSED] - openBrowser(""): Browser is opened with url: ''

03-12-2024T14:56:10 - [MESSAGE][INFO] - Starting 'Chrome' driver

03-12-2024T14:56:10 - [MESSAGE][INFO] - Action delay is set to 0 milliseconds

03-12-2024T14:56:15 - [MESSAGE][PASSED] - Browser is opened with url: ''

03-12-2024T14:56:15 - [TEST_STEP][PASSED] - closeBrowser(): Browser is closed

03-12-2024T14:56:15 - [MESSAGE][PASSED] - Browser is closed]]></system-out>
         <system-err><![CDATA[]]></system-err>
      </testcase>
      <testcase name="Test Cases/a1/a12" time="38.253" classname="Test Cases/a1/a12" status="PASSED">
         <system-out><![CDATA[03-12-2024T14:56:15 - [TEST_CASE][PASSED] - Test Cases/a1/a12: Test Cases/a1/a12

03-12-2024T14:56:16 - [TEST_STEP][PASSED] - openBrowser("yahoo.com"): Browser is opened with url: 'yahoo.com'

03-12-2024T14:56:16 - [MESSAGE][INFO] - Starting 'Chrome' driver

03-12-2024T14:56:16 - [MESSAGE][INFO] - Action delay is set to 0 milliseconds

03-12-2024T14:56:53 - [MESSAGE][PASSED] - Browser is opened with url: 'yahoo.com'

03-12-2024T14:56:53 - [TEST_STEP][PASSED] - closeBrowser(): Browser is closed

03-12-2024T14:56:54 - [MESSAGE][PASSED] - Browser is closed]]></system-out>
         <system-err><![CDATA[]]></system-err>
      </testcase>
      <testcase name="Test Cases/a1/a22" time="4.648" classname="Test Cases/a1/a22" status="PASSED">
         <system-out><![CDATA[03-12-2024T14:56:54 - [TEST_CASE][PASSED] - Test Cases/a1/a22: Test Cases/a1/a22

03-12-2024T14:56:54 - [TEST_STEP][PASSED] - openBrowser("google.com"): Browser is opened with url: 'google.com'

03-12-2024T14:56:54 - [MESSAGE][INFO] - Starting 'Chrome' driver

03-12-2024T14:56:54 - [MESSAGE][INFO] - Action delay is set to 0 milliseconds

03-12-2024T14:56:58 - [MESSAGE][PASSED] - Browser is opened with url: 'google.com'

03-12-2024T14:56:58 - [TEST_STEP][PASSED] - closeBrowser(): Browser is closed

03-12-2024T14:56:58 - [MESSAGE][PASSED] - Browser is closed]]></system-out>
         <system-err><![CDATA[]]></system-err>
      </testcase>
      <testcase name="Test Cases/a1/a32" time="5.664" classname="Test Cases/a1/a32" status="PASSED">
         <system-out><![CDATA[03-12-2024T14:56:58 - [TEST_CASE][PASSED] - Test Cases/a1/a32: Test Cases/a1/a32

03-12-2024T14:56:59 - [TEST_STEP][PASSED] - openBrowser("gmail.com"): Browser is opened with url: 'gmail.com'

03-12-2024T14:56:59 - [MESSAGE][INFO] - Starting 'Chrome' driver

03-12-2024T14:56:59 - [MESSAGE][INFO] - Action delay is set to 0 milliseconds

03-12-2024T14:57:03 - [MESSAGE][PASSED] - Browser is opened with url: 'gmail.com'

03-12-2024T14:57:03 - [TEST_STEP][PASSED] - closeBrowser(): Browser is closed

03-12-2024T14:57:04 - [MESSAGE][PASSED] - Browser is closed]]></system-out>
         <system-err><![CDATA[]]></system-err>
      </testcase>
      <testcase name="Test Cases/a1/a42" time="2.431" classname="Test Cases/a1/a42" status="PASSED">
         <system-out><![CDATA[03-12-2024T14:57:04 - [TEST_CASE][PASSED] - Test Cases/a1/a42: Test Cases/a1/a42

03-12-2024T14:57:04 - [TEST_STEP][PASSED] - openBrowser(""): Browser is opened with url: ''

03-12-2024T14:57:04 - [MESSAGE][INFO] - Starting 'Chrome' driver

03-12-2024T14:57:04 - [MESSAGE][INFO] - Action delay is set to 0 milliseconds

03-12-2024T14:57:06 - [MESSAGE][PASSED] - Browser is opened with url: ''

03-12-2024T14:57:06 - [TEST_STEP][PASSED] - closeBrowser(): Browser is closed

03-12-2024T14:57:06 - [MESSAGE][PASSED] - Browser is closed]]></system-out>
         <system-err><![CDATA[]]></system-err>
      </testcase>
      <testcase name="Test Cases/a1/a5" time="2.375" classname="Test Cases/a1/a5" status="PASSED">
         <system-out><![CDATA[03-12-2024T14:57:06 - [TEST_CASE][PASSED] - Test Cases/a1/a5: Test Cases/a1/a5

03-12-2024T14:57:06 - [TEST_STEP][PASSED] - openBrowser(""): Browser is opened with url: ''

03-12-2024T14:57:06 - [MESSAGE][INFO] - Starting 'Chrome' driver

03-12-2024T14:57:06 - [MESSAGE][INFO] - Action delay is set to 0 milliseconds

03-12-2024T14:57:08 - [MESSAGE][PASSED] - Browser is opened with url: ''

03-12-2024T14:57:08 - [TEST_STEP][PASSED] - closeBrowser(): Browser is closed

03-12-2024T14:57:09 - [MESSAGE][PASSED] - Browser is closed]]></system-out>
         <system-err><![CDATA[]]></system-err>
      </testcase>
      <testcase name="Test Cases/a1/a6" time="2.7" classname="Test Cases/a1/a6" status="PASSED">
         <system-out><![CDATA[03-12-2024T14:57:09 - [TEST_CASE][PASSED] - Test Cases/a1/a6: Test Cases/a1/a6

03-12-2024T14:57:09 - [TEST_STEP][PASSED] - openBrowser(""): Browser is opened with url: ''

03-12-2024T14:57:09 - [MESSAGE][INFO] - Starting 'Chrome' driver

03-12-2024T14:57:09 - [MESSAGE][INFO] - Action delay is set to 0 milliseconds

03-12-2024T14:57:11 - [MESSAGE][PASSED] - Browser is opened with url: ''

03-12-2024T14:57:11 - [TEST_STEP][PASSED] - closeBrowser(): Browser is closed

03-12-2024T14:57:11 - [MESSAGE][PASSED] - Browser is closed]]></system-out>
         <system-err><![CDATA[]]></system-err>
      </testcase>
      <testcase name="Test Cases/a1/a7" time="2.385" classname="Test Cases/a1/a7" status="PASSED">
         <system-out><![CDATA[03-12-2024T14:57:11 - [TEST_CASE][PASSED] - Test Cases/a1/a7: Test Cases/a1/a7

03-12-2024T14:57:11 - [TEST_STEP][PASSED] - openBrowser(""): Browser is opened with url: ''

03-12-2024T14:57:11 - [MESSAGE][INFO] - Starting 'Chrome' driver

03-12-2024T14:57:11 - [MESSAGE][INFO] - Action delay is set to 0 milliseconds

03-12-2024T14:57:13 - [MESSAGE][PASSED] - Browser is opened with url: ''

03-12-2024T14:57:13 - [TEST_STEP][PASSED] - closeBrowser(): Browser is closed

03-12-2024T14:57:14 - [MESSAGE][PASSED] - Browser is closed]]></system-out>
         <system-err><![CDATA[]]></system-err>
      </testcase>
      <testcase name="Test Cases/a1/a8" time="2.52" classname="Test Cases/a1/a8" status="PASSED">
         <system-out><![CDATA[03-12-2024T14:57:14 - [TEST_CASE][PASSED] - Test Cases/a1/a8: Test Cases/a1/a8

03-12-2024T14:57:14 - [TEST_STEP][PASSED] - openBrowser(""): Browser is opened with url: ''

03-12-2024T14:57:14 - [MESSAGE][INFO] - Starting 'Chrome' driver

03-12-2024T14:57:14 - [MESSAGE][INFO] - Action delay is set to 0 milliseconds

03-12-2024T14:57:16 - [MESSAGE][PASSED] - Browser is opened with url: ''

03-12-2024T14:57:16 - [TEST_STEP][PASSED] - closeBrowser(): Browser is closed

03-12-2024T14:57:16 - [MESSAGE][PASSED] - Browser is closed]]></system-out>
         <system-err><![CDATA[]]></system-err>
      </testcase>
      <testcase name="Test Cases/a1/a9" time="2.359" classname="Test Cases/a1/a9" status="PASSED">
         <system-out><![CDATA[03-12-2024T14:57:16 - [TEST_CASE][PASSED] - Test Cases/a1/a9: Test Cases/a1/a9

03-12-2024T14:57:16 - [TEST_STEP][PASSED] - openBrowser(""): Browser is opened with url: ''

03-12-2024T14:57:16 - [MESSAGE][INFO] - Starting 'Chrome' driver

03-12-2024T14:57:16 - [MESSAGE][INFO] - Action delay is set to 0 milliseconds

03-12-2024T14:57:18 - [MESSAGE][PASSED] - Browser is opened with url: ''

03-12-2024T14:57:18 - [TEST_STEP][PASSED] - closeBrowser(): Browser is closed

03-12-2024T14:57:19 - [MESSAGE][PASSED] - Browser is closed]]></system-out>
         <system-err><![CDATA[]]></system-err>
      </testcase>
      <testcase name="Test Cases/a32" time="5.924" classname="Test Cases/a32" status="PASSED">
         <system-out><![CDATA[03-12-2024T14:57:19 - [TEST_CASE][PASSED] - Test Cases/a32: Test Cases/a32

03-12-2024T14:57:19 - [TEST_STEP][PASSED] - openBrowser("gmail.com"): Browser is opened with url: 'gmail.com'

03-12-2024T14:57:19 - [MESSAGE][INFO] - Starting 'Chrome' driver

03-12-2024T14:57:19 - [MESSAGE][INFO] - Action delay is set to 0 milliseconds

03-12-2024T14:57:24 - [MESSAGE][PASSED] - Browser is opened with url: 'gmail.com'

03-12-2024T14:57:24 - [TEST_STEP][PASSED] - closeBrowser(): Browser is closed

03-12-2024T14:57:25 - [MESSAGE][PASSED] - Browser is closed]]></system-out>
         <system-err><![CDATA[]]></system-err>
      </testcase>
      <system-out><![CDATA[03-12-2024T14:56:07 - [TEST_SUITE][PASSED] - new: Test Cases/a32]]></system-out>
      <system-err><![CDATA[]]></system-err>
   </testsuite>
</testsuites>
